* 000000 [Engine] Log started at 2024/2/20 14:26:54
* 000000 [Engine] This copy of the engine is git hash 2a514fe2ab84d798abc3cf2b3a9d49724ebc54d6, built on Jan 25 2024, at 19:07:43
* 000000 [Engine] Platform: Windows
* 000000 [Engine] 
* 000000 [Engine] *******************************************************************************************
* 000000 [Engine] *** This is the Standard license build!                                                 ***
* 000000 [Engine] *** Get more with an Indie or Pro license such as C extensions, mobile dev, and VR dev! ***
* 000000 [Engine] *** Details at http://dragonruby.org/toolkit/game#purchase                              ***
* 000000 [Engine] *******************************************************************************************
* 000000 [Engine] 
- 000000 [Engine] Game Dir: D:\dragonruby-gtk\template
- 000000 [Engine] Game ID: template
- 000000 [Engine] Game Title: template
- 000000 [Engine] Game Version: 0.1.0
- 000000 [Engine] Game Package ID: org.kc00l.template
- 000000 [Engine] Game Developer ID: kc00l
- 000000 [Engine] Game Developer Title: kc00l andrea.damico@gmail.com
- 000000 [Engine] Production Build: no
- 000000 [Engine] Remote Hotload: no
? 000000 [Engine] Loading cvars from file 'metadata/cvars.txt' ...
? 000000 [Engine] File 'metadata/cvars.txt' line 1 setting cvar 'log.filter_subsystems' to 'HTTPServer'
? 000000 [Engine] File 'metadata/cvars.txt' complete
- 000000 [Render] SDL video backend: windows
- 000000 [Render] SDL renderer backend: direct3d
- 000000 [Render] Window size: 1280x720 (requested 1280x720)
- 000000 [Render] Fullscreen Desktop mode: no
- 000000 [Render] Allow HighDPI: no
- 000000 [Render] Max texture size: 16384x16384 (system reported 16384x16384)
- 000000 [Render] Logical render size: 1280x720
? 000000 [Engine] RNG seed has been set to 1708435615.
- 000000 [Engine] Janitor is using 4 threads.
* 000008 [Engine] Logging shutting down
